  R6.7.11-1-player1.cpp
C:\Users\student\source\repos\PK\R6.7\R6.7.11-1\R6.7.11-1-player1.cpp(94,36): warning C4244: '-=': 'double' から 'float' への変換です。データが失われる可能性があります。
C:\Users\student\source\repos\PK\R6.7\R6.7.11-1\R6.7.11-1-player1.cpp(94,70): warning C4244: '-=': 'double' から 'float' への変換です。データが失われる可能性があります。
C:\Users\student\source\repos\PK\R6.7\R6.7.11-1\R6.7.11-1-player1.cpp(101,36): warning C4244: '+=': 'double' から 'float' への変換です。データが失われる可能性があります。
C:\Users\student\source\repos\PK\R6.7\R6.7.11-1\R6.7.11-1-player1.cpp(101,70): warning C4244: '-=': 'double' から 'float' への変換です。データが失われる可能性があります。
C:\Users\student\source\repos\PK\R6.7\R6.7.11-1\R6.7.11-1-player1.cpp(126,36): warning C4244: '-=': 'double' から 'float' への変換です。データが失われる可能性があります。
C:\Users\student\source\repos\PK\R6.7\R6.7.11-1\R6.7.11-1-player1.cpp(126,70): warning C4244: '+=': 'double' から 'float' への変換です。データが失われる可能性があります。
C:\Users\student\source\repos\PK\R6.7\R6.7.11-1\R6.7.11-1-player1.cpp(151,36): warning C4244: '+=': 'double' から 'float' への変換です。データが失われる可能性があります。
C:\Users\student\source\repos\PK\R6.7\R6.7.11-1\R6.7.11-1-player1.cpp(151,70): warning C4244: '+=': 'double' から 'float' への変換です。データが失われる可能性があります。
C:\Users\student\source\repos\PK\R6.7\R6.7.11-1\R6.7.11-1-player1.cpp(173,35): warning C4244: '-=': 'double' から 'float' への変換です。データが失われる可能性があります。
C:\Users\student\source\repos\PK\R6.7\R6.7.11-1\R6.7.11-1-player1.cpp(173,69): warning C4244: '-=': 'double' から 'float' への変換です。データが失われる可能性があります。
C:\Users\student\source\repos\PK\R6.7\R6.7.11-1\R6.7.11-1-player1.cpp(180,35): warning C4244: '+=': 'double' から 'float' への変換です。データが失われる可能性があります。
C:\Users\student\source\repos\PK\R6.7\R6.7.11-1\R6.7.11-1-player1.cpp(180,69): warning C4244: '-=': 'double' から 'float' への変換です。データが失われる可能性があります。
C:\Users\student\source\repos\PK\R6.7\R6.7.11-1\R6.7.11-1-player1.cpp(187,35): warning C4244: '-=': 'double' から 'float' への変換です。データが失われる可能性があります。
C:\Users\student\source\repos\PK\R6.7\R6.7.11-1\R6.7.11-1-player1.cpp(187,69): warning C4244: '+=': 'double' から 'float' への変換です。データが失われる可能性があります。
C:\Users\student\source\repos\PK\R6.7\R6.7.11-1\R6.7.11-1-player1.cpp(194,35): warning C4244: '+=': 'double' から 'float' への変換です。データが失われる可能性があります。
C:\Users\student\source\repos\PK\R6.7\R6.7.11-1\R6.7.11-1-player1.cpp(194,69): warning C4244: '+=': 'double' から 'float' への変換です。データが失われる可能性があります。
C:\Users\student\source\repos\PK\R6.7\R6.7.11-1\R6.7.11-1-player1.cpp(252,101): warning C4244: '引数': 'double' から 'FLOAT' への変換です。データが失われる可能性があります。
C:\Users\student\source\repos\PK\R6.7\R6.7.11-1\R6.7.11-1-player1.cpp(253,108): warning C4244: '引数': 'double' から 'FLOAT' への変換です。データが失われる可能性があります。
  R6.7.11-1.vcxproj -> C:\Users\student\source\repos\PK\R6.7\R6.7.11-1\Debug\R6.7.11-1.exe
